[1m[33m[33m▲ [43;33m[[43;30mWARNING[43;33m][0m [1mNG8113: ChatBox is not used within the template of App[0m [1m[35m[plugin angular-compiler][0m

    src/app/app.ts:10:43:
[37m      10 │   imports: [RouterOutlet, Sidebar, Header, [32mChatBox[37m],
         ╵                                            [32m~~~~~~~[0m

[39m[22m
[1m[31m[2m3:00:13 PM[22m[1m [31m[1m[vite][22m[1m[31m [31mhttp proxy error: /api/dashboard/user?range=30d[31m
AggregateError [ECONNREFUSED]: 
    at internalConnectMultiple (node:net:1134:18)
    at afterConnectMultiple (node:net:1715:7)[39m[22m
[1m[31m[2m3:00:15 PM[22m[1m [31m[1m[vite][22m[1m[31m [31mhttp proxy error: /api/orders[31m
AggregateError [ECONNREFUSED]: 
    at internalConnectMultiple (node:net:1134:18)
    at afterConnectMultiple (node:net:1715:7)[39m[22m
[1m[31m[2m3:00:15 PM[22m[1m [31m[1m[vite][22m[1m[31m [31mhttp proxy error: /api/shipments/order/10425[31m
AggregateError [ECONNREFUSED]: 
    at internalConnectMultiple (node:net:1134:18)
    at afterConnectMultiple (node:net:1715:7)[39m[22m
[1m[31m[2m3:00:15 PM[22m[1m [31m[1m[vite][22m[1m[31m [31mhttp proxy error: /api/shipments/order/10426[31m
AggregateError [ECONNREFUSED]: 
    at internalConnectMultiple (node:net:1134:18)
    at afterConnectMultiple (node:net:1715:7)[39m[22m
[1m[31m[2m3:00:15 PM[22m[1m [31m[1m[vite][22m[1m[31m [31mhttp proxy error: /api/shipments/order/10427[31m
AggregateError [ECONNREFUSED]: 
    at internalConnectMultiple (node:net:1134:18)
    at afterConnectMultiple (node:net:1715:7)[39m[22m
[1m[31m[2m3:00:15 PM[22m[1m [31m[1m[vite][22m[1m[31m [31mhttp proxy error: /api/shipments/order/10428[31m
AggregateError [ECONNREFUSED]: 
    at internalConnectMultiple (node:net:1134:18)
    at afterConnectMultiple (node:net:1715:7)[39m[22m
[1m[31m[2m3:00:15 PM[22m[1m [31m[1m[vite][22m[1m[31m [31mhttp proxy error: /api/shipments/order/10429[31m
AggregateError [ECONNREFUSED]: 
    at internalConnectMultiple (node:net:1134:18)
    at afterConnectMultiple (node:net:1715:7)[39m[22m
[1m[31m[2m3:00:17 PM[22m[1m [31m[1m[vite][22m[1m[31m [31mhttp proxy error: /api/products[31m
AggregateError [ECONNREFUSED]: 
    at internalConnectMultiple (node:net:1134:18)
    at afterConnectMultiple (node:net:1715:7)[39m[22m
[1m[31m[2m3:00:25 PM[22m[1m [31m[1m[vite][22m[1m[31m [31mhttp proxy error: /api/auth/login[31m
AggregateError [ECONNREFUSED]: 
    at internalConnectMultiple (node:net:1134:18)
    at afterConnectMultiple (node:net:1715:7)[39m[22m
[1m[31m[2m3:00:26 PM[22m[1m [31m[1m[vite][22m[1m[31m [31mhttp proxy error: /api/auth/login[31m
AggregateError [ECONNREFUSED]: 
    at internalConnectMultiple (node:net:1134:18)
    at afterConnectMultiple (node:net:1715:7)[39m[22m
[1m[31m[2m3:00:33 PM[22m[1m [31m[1m[vite][22m[1m[31m [31mhttp proxy error: /api/auth/login[31m
AggregateError [ECONNREFUSED]: 
    at internalConnectMultiple (node:net:1134:18)
    at afterConnectMultiple (node:net:1715:7)[39m[22m
[1m[31m[2m3:00:40 PM[22m[1m [31m[1m[vite][22m[1m[31m [31mhttp proxy error: /api/auth/login[31m
AggregateError [ECONNREFUSED]: 
    at internalConnectMultiple (node:net:1134:18)
    at afterConnectMultiple (node:net:1715:7)[39m[22m
[1m[31m[2m3:00:41 PM[22m[1m [31m[1m[vite][22m[1m[31m [31mhttp proxy error: /api/auth/login[31m
AggregateError [ECONNREFUSED]: 
    at internalConnectMultiple (node:net:1134:18)
    at afterConnectMultiple (node:net:1715:7)[39m[22m
[1m[31m[2m3:00:41 PM[22m[1m [31m[1m[vite][22m[1m[31m [31mhttp proxy error: /api/auth/login[31m
AggregateError [ECONNREFUSED]: 
    at internalConnectMultiple (node:net:1134:18)
    at afterConnectMultiple (node:net:1715:7)[39m[22m
[1m[31m[2m3:00:41 PM[22m[1m [31m[1m[vite][22m[1m[31m [31mhttp proxy error: /api/auth/login[31m
AggregateError [ECONNREFUSED]: 
    at internalConnectMultiple (node:net:1134:18)
    at afterConnectMultiple (node:net:1715:7)[39m[22m
[1m[31m[2m3:00:42 PM[22m[1m [31m[1m[vite][22m[1m[31m [31mhttp proxy error: /api/dashboard/corporate?range=30d[31m
AggregateError [ECONNREFUSED]: 
    at internalConnectMultiple (node:net:1134:18)
    at afterConnectMultiple (node:net:1715:7)[39m[22m
[1m[31m[2m3:00:43 PM[22m[1m [31m[1m[vite][22m[1m[31m [31mhttp proxy error: /api/analytics/overview[31m
AggregateError [ECONNREFUSED]: 
    at internalConnectMultiple (node:net:1134:18)
    at afterConnectMultiple (node:net:1715:7)[39m[22m
[1m[31m[2m3:00:45 PM[22m[1m [31m[1m[vite][22m[1m[31m [31mhttp proxy error: /api/orders[31m
AggregateError [ECONNREFUSED]: 
    at internalConnectMultiple (node:net:1134:18)
    at afterConnectMultiple (node:net:1715:7)[39m[22m
[1m[31m[2m3:00:45 PM[22m[1m [31m[1m[vite][22m[1m[31m [31mhttp proxy error: /api/shipments/order/10425[31m
AggregateError [ECONNREFUSED]: 
    at internalConnectMultiple (node:net:1134:18)
    at afterConnectMultiple (node:net:1715:7)[39m[22m
[1m[31m[2m3:00:45 PM[22m[1m [31m[1m[vite][22m[1m[31m [31mhttp proxy error: /api/shipments/order/10426[31m
AggregateError [ECONNREFUSED]: 
    at internalConnectMultiple (node:net:1134:18)
    at afterConnectMultiple (node:net:1715:7)[39m[22m
[1m[31m[2m3:00:45 PM[22m[1m [31m[1m[vite][22m[1m[31m [31mhttp proxy error: /api/shipments/order/10427[31m
AggregateError [ECONNREFUSED]: 
    at internalConnectMultiple (node:net:1134:18)
    at afterConnectMultiple (node:net:1715:7)[39m[22m
[1m[31m[2m3:00:45 PM[22m[1m [31m[1m[vite][22m[1m[31m [31mhttp proxy error: /api/shipments/order/10428[31m
AggregateError [ECONNREFUSED]: 
    at internalConnectMultiple (node:net:1134:18)
    at afterConnectMultiple (node:net:1715:7)[39m[22m
[1m[31m[2m3:00:45 PM[22m[1m [31m[1m[vite][22m[1m[31m [31mhttp proxy error: /api/shipments/order/10429[31m
AggregateError [ECONNREFUSED]: 
    at internalConnectMultiple (node:net:1134:18)
    at afterConnectMultiple (node:net:1715:7)[39m[22m
[1m[31m[2m3:00:46 PM[22m[1m [31m[1m[vite][22m[1m[31m [31mhttp proxy error: /api/analytics/overview[31m
AggregateError [ECONNREFUSED]: 
    at internalConnectMultiple (node:net:1134:18)
    at afterConnectMultiple (node:net:1715:7)[39m[22m
[1m[31m[2m3:01:02 PM[22m[1m [31m[1m[vite][22m[1m[31m [31mhttp proxy error: /api/dashboard/corporate?range=30d[31m
AggregateError [ECONNREFUSED]: 
    at internalConnectMultiple (node:net:1134:18)
    at afterConnectMultiple (node:net:1715:7)[39m[22m
[1m[33m[33m▲ [43;33m[[43;30mWARNING[43;33m][0m [1mNG8113: ChatBox is not used within the template of App[0m [1m[35m[plugin angular-compiler][0m

    src/app/app.ts:10:43:
[37m      10 │   imports: [RouterOutlet, Sidebar, Header, [32mChatBox[37m],
         ╵                                            [32m~~~~~~~[0m

[39m[22m
[1m[31m[31mX [41;31m[[41;97mERROR[41;31m][0m [1mTS2305: Module '"@angular/core"' has no exported member 'co'.[0m [1m[35m[plugin angular-compiler][0m

    src/app/shared/components/widgets/chart-widget/chart-widget.component.ts:10:2:
[37m      10 │   [32mco[37m
         ╵   [32m~~[0m

[39m[22m
[1m[33m[33m▲ [43;33m[[43;30mWARNING[43;33m][0m [1mNG8113: ChatBox is not used within the template of App[0m [1m[35m[plugin angular-compiler][0m

    src/app/app.ts:10:43:
[37m      10 │   imports: [RouterOutlet, Sidebar, Header, [32mChatBox[37m],
         ╵                                            [32m~~~~~~~[0m

[39m[22m
[1m[31m[31mX [41;31m[[41;97mERROR[41;31m][0m [1mTS2724: '"@angular/core"' has no exported member named 'component'. Did you mean 'Component'?[0m [1m[35m[plugin angular-compiler][0m

    src/app/shared/components/widgets/chart-widget/chart-widget.component.ts:10:2:
[37m      10 │   [32mcomponent[37m
         ╵   [32m~~~~~~~~~[0m

[39m[22m
[1m[33m[33m▲ [43;33m[[43;30mWARNING[43;33m][0m [1mNG8113: ChatBox is not used within the template of App[0m [1m[35m[plugin angular-compiler][0m

    src/app/app.ts:10:43:
[37m      10 │   imports: [RouterOutlet, Sidebar, Header, [32mChatBox[37m],
         ╵                                            [32m~~~~~~~[0m

[39m[22m
[1m[31m[31mX [41;31m[[41;97mERROR[41;31m][0m [1mTS2300: Duplicate identifier 'Component'.[0m [1m[35m[plugin angular-compiler][0m

    src/app/shared/components/widgets/chart-widget/chart-widget.component.ts:3:2:
[37m      3 │   [32mComponent[37m,
        ╵   [32m~~~~~~~~~[0m


[31mX [41;31m[[41;97mERROR[41;31m][0m [1mTS2300: Duplicate identifier 'Component'.[0m [1m[35m[plugin angular-compiler][0m

    src/app/shared/components/widgets/chart-widget/chart-widget.component.ts:10:2:
[37m      10 │   [32mComponent[37m
         ╵   [32m~~~~~~~~~[0m

[39m[22m
[1m[33m[33m▲ [43;33m[[43;30mWARNING[43;33m][0m [1mNG8113: ChatBox is not used within the template of App[0m [1m[35m[plugin angular-compiler][0m

    src/app/app.ts:10:43:
[37m      10 │   imports: [RouterOutlet, Sidebar, Header, [32mChatBox[37m],
         ╵                                            [32m~~~~~~~[0m

[39m[22m
[1m[31m[2m3:12:49 PM[22m[1m [31m[1m[vite][22m[1m[31m [31mhttp proxy error: /api/dashboard/corporate?range=30d[31m
AggregateError [ECONNREFUSED]: 
    at internalConnectMultiple (node:net:1134:18)
    at afterConnectMultiple (node:net:1715:7)[39m[22m
[1m[31m[2m3:16:54 PM[22m[1m [31m[1m[vite][22m[1m[31m [31mhttp proxy error: /api/auth/login[31m
AggregateError [ECONNREFUSED]: 
    at internalConnectMultiple (node:net:1134:18)
    at afterConnectMultiple (node:net:1715:7)[39m[22m
[1m[31m[2m3:16:57 PM[22m[1m [31m[1m[vite][22m[1m[31m [31mhttp proxy error: /api/dashboard/corporate?range=30d[31m
AggregateError [ECONNREFUSED]: 
    at internalConnectMultiple (node:net:1134:18)
    at afterConnectMultiple (node:net:1715:7)[39m[22m
[1m[33m[33m▲ [43;33m[[43;30mWARNING[43;33m][0m [1mNG8113: ChatBox is not used within the template of App[0m [1m[35m[plugin angular-compiler][0m

    src/app/app.ts:10:43:
[37m      10 │   imports: [RouterOutlet, Sidebar, Header, [32mChatBox[37m],
         ╵                                            [32m~~~~~~~[0m

[39m[22m
[1m[31m[2m3:24:46 PM[22m[1m [31m[1m[vite][22m[1m[31m [31mhttp proxy error: /api/dashboard/corporate?range=30d[31m
AggregateError [ECONNREFUSED]: 
    at internalConnectMultiple (node:net:1134:18)
    at afterConnectMultiple (node:net:1715:7)[39m[22m
[1m[31m[2m3:24:48 PM[22m[1m [31m[1m[vite][22m[1m[31m [31mhttp proxy error: /api/dashboard/corporate?range=30d[31m
AggregateError [ECONNREFUSED]: 
    at internalConnectMultiple (node:net:1134:18)
    at afterConnectMultiple (node:net:1715:7)[39m[22m
[1m[33m[33m▲ [43;33m[[43;30mWARNING[43;33m][0m [1mNG8113: ChatBox is not used within the template of App[0m [1m[35m[plugin angular-compiler][0m

    src/app/app.ts:10:43:
[37m      10 │   imports: [RouterOutlet, Sidebar, Header, [32mChatBox[37m],
         ╵                                            [32m~~~~~~~[0m

[39m[22m
[1m[33m[33m▲ [43;33m[[43;30mWARNING[43;33m][0m [1mNG8113: ChatBox is not used within the template of App[0m [1m[35m[plugin angular-compiler][0m

    src/app/app.ts:10:43:
[37m      10 │   imports: [RouterOutlet, Sidebar, Header, [32mChatBox[37m],
         ╵                                            [32m~~~~~~~[0m

[39m[22m
[1m[31m[2m3:25:07 PM[22m[1m [31m[1m[vite][22m[1m[31m [31mhttp proxy error: /api/dashboard/corporate?range=30d[31m
AggregateError [ECONNREFUSED]: 
    at internalConnectMultiple (node:net:1134:18)
    at afterConnectMultiple (node:net:1715:7)[39m[22m
[1m[33m[33m▲ [43;33m[[43;30mWARNING[43;33m][0m [1mNG8113: ChatBox is not used within the template of App[0m [1m[35m[plugin angular-compiler][0m

    src/app/app.ts:10:43:
[37m      10 │   imports: [RouterOutlet, Sidebar, Header, [32mChatBox[37m],
         ╵                                            [32m~~~~~~~[0m

[39m[22m
[1m[31m[2m3:26:26 PM[22m[1m [31m[1m[vite][22m[1m[31m [31mhttp proxy error: /api/auth/login[31m
AggregateError [ECONNREFUSED]: 
    at internalConnectMultiple (node:net:1134:18)
    at afterConnectMultiple (node:net:1715:7)[39m[22m
[1m[31m[2m3:26:28 PM[22m[1m [31m[1m[vite][22m[1m[31m [31mhttp proxy error: /api/dashboard/corporate?range=30d[31m
AggregateError [ECONNREFUSED]: 
    at internalConnectMultiple (node:net:1134:18)
    at afterConnectMultiple (node:net:1715:7)[39m[22m
[1m[33m[33m▲ [43;33m[[43;30mWARNING[43;33m][0m [1mNG8113: ChatBox is not used within the template of App[0m [1m[35m[plugin angular-compiler][0m

    src/app/app.ts:10:43:
[37m      10 │   imports: [RouterOutlet, Sidebar, Header, [32mChatBox[37m],
         ╵                                            [32m~~~~~~~[0m

[39m[22m
[1m[33m[33m▲ [43;33m[[43;30mWARNING[43;33m][0m [1mNG8113: ChatBox is not used within the template of App[0m [1m[35m[plugin angular-compiler][0m

    src/app/app.ts:10:43:
[37m      10 │   imports: [RouterOutlet, Sidebar, Header, [32mChatBox[37m],
         ╵                                            [32m~~~~~~~[0m

[39m[22m
[1m[33m[33m▲ [43;33m[[43;30mWARNING[43;33m][0m [1mNG8113: ChatBox is not used within the template of App[0m [1m[35m[plugin angular-compiler][0m

    src/app/app.ts:10:43:
[37m      10 │   imports: [RouterOutlet, Sidebar, Header, [32mChatBox[37m],
         ╵                                            [32m~~~~~~~[0m

[39m[22m
[1m[33m[33m▲ [43;33m[[43;30mWARNING[43;33m][0m [1mNG8113: ChatBox is not used within the template of App[0m [1m[35m[plugin angular-compiler][0m

    src/app/app.ts:10:43:
[37m      10 │   imports: [RouterOutlet, Sidebar, Header, [32mChatBox[37m],
         ╵                                            [32m~~~~~~~[0m

[39m[22m
[1m[31m[31mX [41;31m[[41;97mERROR[41;31m][0m [1mNG2008: Could not find stylesheet file './analytics-page.scss'.[0m [1m[35m[plugin angular-compiler][0m

    src/app/features/analytics/pages/analytics-page/analytics-page.ts:12:12:
[37m      12 │   styleUrl: [32m'./analytics-page.scss'[37m
         ╵             [32m~~~~~~~~~~~~~~~~~~~~~~~[0m

[39m[22m
[1m[33m[33m▲ [43;33m[[43;30mWARNING[43;33m][0m [1mNG8113: ChatBox is not used within the template of App[0m [1m[35m[plugin angular-compiler][0m

    src/app/app.ts:10:43:
[37m      10 │   imports: [RouterOutlet, Sidebar, Header, [32mChatBox[37m],
         ╵                                            [32m~~~~~~~[0m

[39m[22m
[1m[31m[31mX [41;31m[[41;97mERROR[41;31m][0m [1mNG2008: Could not find stylesheet file './analytics-page.scss'.[0m [1m[35m[plugin angular-compiler][0m

    src/app/features/analytics/pages/analytics-page/analytics-page.ts:12:12:
[37m      12 │   styleUrl: [32m'./analytics-page.scss'[37m
         ╵             [32m~~~~~~~~~~~~~~~~~~~~~~~[0m

[39m[22m
[1m[33m[33m▲ [43;33m[[43;30mWARNING[43;33m][0m [1mNG8113: ChatBox is not used within the template of App[0m [1m[35m[plugin angular-compiler][0m

    src/app/app.ts:10:43:
[37m      10 │   imports: [RouterOutlet, Sidebar, Header, [32mChatBox[37m],
         ╵                                            [32m~~~~~~~[0m

[39m[22m
[1m[31m[31mX [41;31m[[41;97mERROR[41;31m][0m [1mNG2008: Could not find stylesheet file './analytics-page.scss'.[0m [1m[35m[plugin angular-compiler][0m

    src/app/features/analytics/pages/analytics-page/analytics-page.ts:12:12:
[37m      12 │   styleUrl: [32m'./analytics-page.scss'[37m
         ╵             [32m~~~~~~~~~~~~~~~~~~~~~~~[0m

[39m[22m
[1m[33m[33m▲ [43;33m[[43;30mWARNING[43;33m][0m [1mNG8113: ChatBox is not used within the template of App[0m [1m[35m[plugin angular-compiler][0m

    src/app/app.ts:10:43:
[37m      10 │   imports: [RouterOutlet, Sidebar, Header, [32mChatBox[37m],
         ╵                                            [32m~~~~~~~[0m

[39m[22m
[1m[31m[31mX [41;31m[[41;97mERROR[41;31m][0m [1mNG2008: Could not find stylesheet file './analytics-page.scss'.[0m [1m[35m[plugin angular-compiler][0m

    src/app/features/analytics/pages/analytics-page/analytics-page.ts:12:12:
[37m      12 │   styleUrl: [32m'./analytics-page.scss'[37m
         ╵             [32m~~~~~~~~~~~~~~~~~~~~~~~[0m

[39m[22m
[1m[33m[33m▲ [43;33m[[43;30mWARNING[43;33m][0m [1mNG8113: ChatBox is not used within the template of App[0m [1m[35m[plugin angular-compiler][0m

    src/app/app.ts:10:43:
[37m      10 │   imports: [RouterOutlet, Sidebar, Header, [32mChatBox[37m],
         ╵                                            [32m~~~~~~~[0m

[39m[22m
[1m[31m[31mX [41;31m[[41;97mERROR[41;31m][0m [1mNG2008: Could not find stylesheet file './analytics-page.scss'.[0m [1m[35m[plugin angular-compiler][0m

    src/app/features/analytics/pages/analytics-page/analytics-page.ts:12:12:
[37m      12 │   styleUrl: [32m'./analytics-page.scss'[37m
         ╵             [32m~~~~~~~~~~~~~~~~~~~~~~~[0m

[39m[22m
