[1m[33m[33m▲ [43;33m[[43;30mWARNING[43;33m][0m [1mNG8113: ChatBox is not used within the template of App[0m [1m[35m[plugin angular-compiler][0m

    src/app/app.ts:10:43:
[37m      10 │   imports: [RouterOutlet, Sidebar, Header, [32mChatBox[37m],
         ╵                                            [32m~~~~~~~[0m

[39m[22m
[1m[33m[33m▲ [43;33m[[43;30mWARNING[43;33m][0m [1mNG8113: ChatBox is not used within the template of App[0m [1m[35m[plugin angular-compiler][0m

    src/app/app.ts:10:43:
[37m      10 │   imports: [RouterOutlet, Sidebar, Header, [32mChatBox[37m],
         ╵                                            [32m~~~~~~~[0m

[39m[22m
[1m[33m[33m▲ [43;33m[[43;30mWARNING[43;33m][0m [1mNG8113: ChatBox is not used within the template of App[0m [1m[35m[plugin angular-compiler][0m

    src/app/app.ts:10:43:
[37m      10 │   imports: [RouterOutlet, Sidebar, Header, [32mChatBox[37m],
         ╵                                            [32m~~~~~~~[0m

[39m[22m
[1m[33m[33m▲ [43;33m[[43;30mWARNING[43;33m][0m [1mNG8113: ChatBox is not used within the template of App[0m [1m[35m[plugin angular-compiler][0m

    src/app/app.ts:10:43:
[37m      10 │   imports: [RouterOutlet, Sidebar, Header, [32mChatBox[37m],
         ╵                                            [32m~~~~~~~[0m

[39m[22m
[1m[33m[33m▲ [43;33m[[43;30mWARNING[43;33m][0m [1mNG8113: ChatBox is not used within the template of App[0m [1m[35m[plugin angular-compiler][0m

    src/app/app.ts:10:43:
[37m      10 │   imports: [RouterOutlet, Sidebar, Header, [32mChatBox[37m],
         ╵                                            [32m~~~~~~~[0m

[39m[22m
[1m[33m[33m▲ [43;33m[[43;30mWARNING[43;33m][0m [1mNG8113: ChatBox is not used within the template of App[0m [1m[35m[plugin angular-compiler][0m

    src/app/app.ts:10:43:
[37m      10 │   imports: [RouterOutlet, Sidebar, Header, [32mChatBox[37m],
         ╵                                            [32m~~~~~~~[0m

[39m[22m
[1m[31m[31mX [41;31m[[41;97mERROR[41;31m][0m [1mTS2339: Property 'searchTerm' does not exist on type 'OrdersPage'.[0m [1m[35m[plugin angular-compiler][0m

    src/app/features/orders/pages/orders-page/orders-page.html:59:21:
[37m      59 │           [ngModel]="[32msearchTerm[37m()"
         ╵                      [32m~~~~~~~~~~[0m

  Error occurs in the template of component OrdersPage.

    src/app/features/orders/pages/orders-page/orders-page.ts:13:15:
[37m      13 │   templateUrl: [32m'./orders-page.html'[37m,
         ╵                [32m~~~~~~~~~~~~~~~~~~~~[0m


[31mX [41;31m[[41;97mERROR[41;31m][0m [1mTS2339: Property 'setSearchTerm' does not exist on type 'OrdersPage'.[0m [1m[35m[plugin angular-compiler][0m

    src/app/features/orders/pages/orders-page/orders-page.html:60:27:
[37m      60 │           (ngModelChange)="[32msetSearchTerm[37m($any($event))">
         ╵                            [32m~~~~~~~~~~~~~[0m

  Error occurs in the template of component OrdersPage.

    src/app/features/orders/pages/orders-page/orders-page.ts:13:15:
[37m      13 │   templateUrl: [32m'./orders-page.html'[37m,
         ╵                [32m~~~~~~~~~~~~~~~~~~~~[0m


[31mX [41;31m[[41;97mERROR[41;31m][0m [1mTS2339: Property 'searchSuggestions' does not exist on type 'OrdersPage'.[0m [1m[35m[plugin angular-compiler][0m

    src/app/features/orders/pages/orders-page/orders-page.html:62:30:
[37m      62 │ ...      @for (suggestion of [32msearchSuggestions[37m(); track suggestion) {
         ╵                              [32m~~~~~~~~~~~~~~~~~[0m

  Error occurs in the template of component OrdersPage.

    src/app/features/orders/pages/orders-page/orders-page.ts:13:15:
[37m      13 │   templateUrl: [32m'./orders-page.html'[37m,
         ╵                [32m~~~~~~~~~~~~~~~~~~~~[0m

[39m[22m
[1m[33m[33m▲ [43;33m[[43;30mWARNING[43;33m][0m [1mNG8113: ChatBox is not used within the template of App[0m [1m[35m[plugin angular-compiler][0m

    src/app/app.ts:10:43:
[37m      10 │   imports: [RouterOutlet, Sidebar, Header, [32mChatBox[37m],
         ╵                                            [32m~~~~~~~[0m

[39m[22m
[1m[33m[33m▲ [43;33m[[43;30mWARNING[43;33m][0m [1mNG8113: ChatBox is not used within the template of App[0m [1m[35m[plugin angular-compiler][0m

    src/app/app.ts:10:43:
[37m      10 │   imports: [RouterOutlet, Sidebar, Header, [32mChatBox[37m],
         ╵                                            [32m~~~~~~~[0m

[39m[22m
[1m[33m[33m▲ [43;33m[[43;30mWARNING[43;33m][0m [1mNG8113: ChatBox is not used within the template of App[0m [1m[35m[plugin angular-compiler][0m

    src/app/app.ts:10:43:
[37m      10 │   imports: [RouterOutlet, Sidebar, Header, [32mChatBox[37m],
         ╵                                            [32m~~~~~~~[0m

[39m[22m
[1m[33m[33m▲ [43;33m[[43;30mWARNING[43;33m][0m [1mNG8113: ChatBox is not used within the template of App[0m [1m[35m[plugin angular-compiler][0m

    src/app/app.ts:10:43:
[37m      10 │   imports: [RouterOutlet, Sidebar, Header, [32mChatBox[37m],
         ╵                                            [32m~~~~~~~[0m

[39m[22m
[1m[33m[33m▲ [43;33m[[43;30mWARNING[43;33m][0m [1mNG8113: ChatBox is not used within the template of App[0m [1m[35m[plugin angular-compiler][0m

    src/app/app.ts:10:43:
[37m      10 │   imports: [RouterOutlet, Sidebar, Header, [32mChatBox[37m],
         ╵                                            [32m~~~~~~~[0m

[39m[22m
[1m[33m[33m▲ [43;33m[[43;30mWARNING[43;33m][0m [1mNG8113: ChatBox is not used within the template of App[0m [1m[35m[plugin angular-compiler][0m

    src/app/app.ts:10:43:
[37m      10 │   imports: [RouterOutlet, Sidebar, Header, [32mChatBox[37m],
         ╵                                            [32m~~~~~~~[0m

[39m[22m
[1m[33m[33m▲ [43;33m[[43;30mWARNING[43;33m][0m [1mNG8113: ChatBox is not used within the template of App[0m [1m[35m[plugin angular-compiler][0m

    src/app/app.ts:10:43:
[37m      10 │   imports: [RouterOutlet, Sidebar, Header, [32mChatBox[37m],
         ╵                                            [32m~~~~~~~[0m

[39m[22m
[1m[33m[33m▲ [43;33m[[43;30mWARNING[43;33m][0m [1mNG8113: ChatBox is not used within the template of App[0m [1m[35m[plugin angular-compiler][0m

    src/app/app.ts:10:43:
[37m      10 │   imports: [RouterOutlet, Sidebar, Header, [32mChatBox[37m],
         ╵                                            [32m~~~~~~~[0m

[39m[22m
[1m[33m[33m▲ [43;33m[[43;30mWARNING[43;33m][0m [1mNG8113: ChatBox is not used within the template of App[0m [1m[35m[plugin angular-compiler][0m

    src/app/app.ts:10:43:
[37m      10 │   imports: [RouterOutlet, Sidebar, Header, [32mChatBox[37m],
         ╵                                            [32m~~~~~~~[0m

[39m[22m
[1m[31m[31mX [41;31m[[41;97mERROR[41;31m][0m [1mNG5002: Unexpected closing tag "div". It may happen when the tag has already been closed by another tag. For more info see https://www.w3.org/TR/html5/syntax.html#closing-elements-that-have-implied-end-tags[0m [1m[35m[plugin angular-compiler][0m

    src/app/features/reviews/pages/reviews-page/reviews-page.html:167:0:
[37m      167 │ [32m</div>[37m
          ╵ [32m~~~~~~[0m

  Error occurs in the template of component ReviewsPage.

    src/app/features/reviews/pages/reviews-page/reviews-page.ts:12:15:
[37m      12 │   templateUrl: [32m'./reviews-page.html'[37m,
         ╵                [32m~~~~~~~~~~~~~~~~~~~~~[0m

[39m[22m
[1m[33m[33m▲ [43;33m[[43;30mWARNING[43;33m][0m [1mNG8113: ChatBox is not used within the template of App[0m [1m[35m[plugin angular-compiler][0m

    src/app/app.ts:10:43:
[37m      10 │   imports: [RouterOutlet, Sidebar, Header, [32mChatBox[37m],
         ╵                                            [32m~~~~~~~[0m

[39m[22m
[1m[31m[31mX [41;31m[[41;97mERROR[41;31m][0m [1mNG5002: Unexpected closing tag "div". It may happen when the tag has already been closed by another tag. For more info see https://www.w3.org/TR/html5/syntax.html#closing-elements-that-have-implied-end-tags[0m [1m[35m[plugin angular-compiler][0m

    src/app/features/reviews/pages/reviews-page/reviews-page.html:167:0:
[37m      167 │ [32m</div>[37m
          ╵ [32m~~~~~~[0m

  Error occurs in the template of component ReviewsPage.

    src/app/features/reviews/pages/reviews-page/reviews-page.ts:12:15:
[37m      12 │   templateUrl: [32m'./reviews-page.html'[37m,
         ╵                [32m~~~~~~~~~~~~~~~~~~~~~[0m

[39m[22m
[1m[33m[33m▲ [43;33m[[43;30mWARNING[43;33m][0m [1mNG8113: ChatBox is not used within the template of App[0m [1m[35m[plugin angular-compiler][0m

    src/app/app.ts:10:43:
[37m      10 │   imports: [RouterOutlet, Sidebar, Header, [32mChatBox[37m],
         ╵                                            [32m~~~~~~~[0m

[39m[22m
[1m[31m[31mX [41;31m[[41;97mERROR[41;31m][0m [1mNG5002: Unexpected closing tag "div". It may happen when the tag has already been closed by another tag. For more info see https://www.w3.org/TR/html5/syntax.html#closing-elements-that-have-implied-end-tags[0m [1m[35m[plugin angular-compiler][0m

    src/app/features/reviews/pages/reviews-page/reviews-page.html:167:0:
[37m      167 │ [32m</div>[37m
          ╵ [32m~~~~~~[0m

  Error occurs in the template of component ReviewsPage.

    src/app/features/reviews/pages/reviews-page/reviews-page.ts:12:15:
[37m      12 │   templateUrl: [32m'./reviews-page.html'[37m,
         ╵                [32m~~~~~~~~~~~~~~~~~~~~~[0m

[39m[22m
[1m[33m[33m▲ [43;33m[[43;30mWARNING[43;33m][0m [1mNG8113: ChatBox is not used within the template of App[0m [1m[35m[plugin angular-compiler][0m

    src/app/app.ts:10:43:
[37m      10 │   imports: [RouterOutlet, Sidebar, Header, [32mChatBox[37m],
         ╵                                            [32m~~~~~~~[0m

[39m[22m
[1m[31m[31mX [41;31m[[41;97mERROR[41;31m][0m [1mNG5002: Unexpected closing tag "div". It may happen when the tag has already been closed by another tag. For more info see https://www.w3.org/TR/html5/syntax.html#closing-elements-that-have-implied-end-tags[0m [1m[35m[plugin angular-compiler][0m

    src/app/features/reviews/pages/reviews-page/reviews-page.html:167:0:
[37m      167 │ [32m</div>[37m
          ╵ [32m~~~~~~[0m

  Error occurs in the template of component ReviewsPage.

    src/app/features/reviews/pages/reviews-page/reviews-page.ts:12:15:
[37m      12 │   templateUrl: [32m'./reviews-page.html'[37m,
         ╵                [32m~~~~~~~~~~~~~~~~~~~~~[0m

[39m[22m
[1m[33m[33m▲ [43;33m[[43;30mWARNING[43;33m][0m [1mNG8113: ChatBox is not used within the template of App[0m [1m[35m[plugin angular-compiler][0m

    src/app/app.ts:10:43:
[37m      10 │   imports: [RouterOutlet, Sidebar, Header, [32mChatBox[37m],
         ╵                                            [32m~~~~~~~[0m

[39m[22m
[1m[31m[31mX [41;31m[[41;97mERROR[41;31m][0m [1mNG5002: Unexpected closing tag "div". It may happen when the tag has already been closed by another tag. For more info see https://www.w3.org/TR/html5/syntax.html#closing-elements-that-have-implied-end-tags[0m [1m[35m[plugin angular-compiler][0m

    src/app/features/reviews/pages/reviews-page/reviews-page.html:167:0:
[37m      167 │ [32m</div>[37m
          ╵ [32m~~~~~~[0m

  Error occurs in the template of component ReviewsPage.

    src/app/features/reviews/pages/reviews-page/reviews-page.ts:12:15:
[37m      12 │   templateUrl: [32m'./reviews-page.html'[37m,
         ╵                [32m~~~~~~~~~~~~~~~~~~~~~[0m

[39m[22m
[1m[33m[33m▲ [43;33m[[43;30mWARNING[43;33m][0m [1mNG8113: ChatBox is not used within the template of App[0m [1m[35m[plugin angular-compiler][0m

    src/app/app.ts:10:43:
[37m      10 │   imports: [RouterOutlet, Sidebar, Header, [32mChatBox[37m],
         ╵                                            [32m~~~~~~~[0m

[39m[22m
[1m[31m[31mX [41;31m[[41;97mERROR[41;31m][0m [1mNG5002: Unexpected closing tag "div". It may happen when the tag has already been closed by another tag. For more info see https://www.w3.org/TR/html5/syntax.html#closing-elements-that-have-implied-end-tags[0m [1m[35m[plugin angular-compiler][0m

    src/app/features/reviews/pages/reviews-page/reviews-page.html:167:0:
[37m      167 │ [32m</div>[37m
          ╵ [32m~~~~~~[0m

  Error occurs in the template of component ReviewsPage.

    src/app/features/reviews/pages/reviews-page/reviews-page.ts:12:15:
[37m      12 │   templateUrl: [32m'./reviews-page.html'[37m,
         ╵                [32m~~~~~~~~~~~~~~~~~~~~~[0m

[39m[22m
[1m[31m[31mX [41;31m[[41;97mERROR[41;31m][0m [1mNG5002: Unexpected closing tag "div". It may happen when the tag has already been closed by another tag. For more info see https://www.w3.org/TR/html5/syntax.html#closing-elements-that-have-implied-end-tags[0m [1m[35m[plugin angular-compiler][0m

    src/app/features/reviews/pages/reviews-page/reviews-page.html:167:0:
[37m      167 │ [32m</div>[37m
          ╵ [32m~~~~~~[0m

  Error occurs in the template of component ReviewsPage.

    src/app/features/reviews/pages/reviews-page/reviews-page.ts:12:15:
[37m      12 │   templateUrl: [32m'./reviews-page.html'[37m,
         ╵                [32m~~~~~~~~~~~~~~~~~~~~~[0m

[39m[22m
[1m[31m[31mX [41;31m[[41;97mERROR[41;31m][0m [1mexpected "}".
    ╷
289 │ @keyframes spin { to { transform: rotate(360deg); } }
    │                                                      ^
    ╵
  src\app\features\customers\pages\customers-page\customers-page.scss 289:54  root stylesheet[0m [1m[35m[plugin angular-sass][0m

[39m[22m
[1m[31m[31mX [41;31m[[41;97mERROR[41;31m][0m [1mexpected "}".
    ╷
502 │ @keyframes spin { to { transform: rotate(360deg); } }
    │                                                      ^
    ╵
  src\app\features\reviews\pages\reviews-page\reviews-page.scss 502:54  root stylesheet[0m [1m[35m[plugin angular-sass][0m

[39m[22m
[1m[31m[31mX [41;31m[[41;97mERROR[41;31m][0m [1munmatched "}".
    ╷
381 │ }
    │ ^
    ╵
  src\app\features\reviews\pages\reviews-page\reviews-page.scss 381:1  root stylesheet[0m [1m[35m[plugin angular-sass][0m

[39m[22m
[1m[31m[31mX [41;31m[[41;97mERROR[41;31m][0m [1mexpected "}".
    ╷
313 │ @keyframes spin { to { transform: rotate(360deg); } }
    │                                                      ^
    ╵
  src\app\features\customers\pages\customers-page\customers-page.scss 313:54  root stylesheet[0m [1m[35m[plugin angular-sass][0m

[39m[22m
[1m[31m[31mX [41;31m[[41;97mERROR[41;31m][0m [1mTS2339: Property 'canReply' does not exist on type 'CustomersPage'.[0m [1m[35m[plugin angular-compiler][0m

    src/app/features/customers/pages/customers-page/customers-page.html:70:17:
[37m      70 │             @if ([32mcanReply[37m() && !review.adminReply) {
         ╵                  [32m~~~~~~~~[0m

  Error occurs in the template of component CustomersPage.

    src/app/features/customers/pages/customers-page/customers-page.ts:10:15:
[37m      10 │   templateUrl: [32m'./customers-page.html'[37m,
         ╵                [32m~~~~~~~~~~~~~~~~~~~~~~~[0m


[31mX [41;31m[[41;97mERROR[41;31m][0m [1mTS2339: Property 'review' does not exist on type 'CustomersPage'.[0m [1m[35m[plugin angular-compiler][0m

    src/app/features/customers/pages/customers-page/customers-page.html:70:32:
[37m      70 │             @if (canReply() && ![32mreview[37m.adminReply) {
         ╵                                 [32m~~~~~~[0m

  Error occurs in the template of component CustomersPage.

    src/app/features/customers/pages/customers-page/customers-page.ts:10:15:
[37m      10 │   templateUrl: [32m'./customers-page.html'[37m,
         ╵                [32m~~~~~~~~~~~~~~~~~~~~~~~[0m


[31mX [41;31m[[41;97mERROR[41;31m][0m [1mTS2339: Property 'replyToReview' does not exist on type 'CustomersPage'.[0m [1m[35m[plugin angular-compiler][0m

    src/app/features/customers/pages/customers-page/customers-page.html:71:49:
[37m      71 │ ...ass="reply-btn" (click)="[32mreplyToReview[37m(review.id)">Reply to Cus...
         ╵                             [32m~~~~~~~~~~~~~[0m

  Error occurs in the template of component CustomersPage.

    src/app/features/customers/pages/customers-page/customers-page.ts:10:15:
[37m      10 │   templateUrl: [32m'./customers-page.html'[37m,
         ╵                [32m~~~~~~~~~~~~~~~~~~~~~~~[0m


[31mX [41;31m[[41;97mERROR[41;31m][0m [1mTS2339: Property 'review' does not exist on type 'CustomersPage'.[0m [1m[35m[plugin angular-compiler][0m

    src/app/features/customers/pages/customers-page/customers-page.html:71:63:
[37m      71 │ ...-btn" (click)="replyToReview([32mreview[37m.id)">Reply to Customer</but...
         ╵                                 [32m~~~~~~[0m

  Error occurs in the template of component CustomersPage.

    src/app/features/customers/pages/customers-page/customers-page.ts:10:15:
[37m      10 │   templateUrl: [32m'./customers-page.html'[37m,
         ╵                [32m~~~~~~~~~~~~~~~~~~~~~~~[0m


[31mX [41;31m[[41;97mERROR[41;31m][0m [1mTS2339: Property 'canDelete' does not exist on type 'CustomersPage'.[0m [1m[35m[plugin angular-compiler][0m

    src/app/features/customers/pages/customers-page/customers-page.html:73:17:
[37m      73 │             @if ([32mcanDelete[37m(review)) {
         ╵                  [32m~~~~~~~~~[0m

  Error occurs in the template of component CustomersPage.

    src/app/features/customers/pages/customers-page/customers-page.ts:10:15:
[37m      10 │   templateUrl: [32m'./customers-page.html'[37m,
         ╵                [32m~~~~~~~~~~~~~~~~~~~~~~~[0m


[31mX [41;31m[[41;97mERROR[41;31m][0m [1mTS2339: Property 'review' does not exist on type 'CustomersPage'.[0m [1m[35m[plugin angular-compiler][0m

    src/app/features/customers/pages/customers-page/customers-page.html:73:27:
[37m      73 │             @if (canDelete([32mreview[37m)) {
         ╵                            [32m~~~~~~[0m

  Error occurs in the template of component CustomersPage.

    src/app/features/customers/pages/customers-page/customers-page.ts:10:15:
[37m      10 │   templateUrl: [32m'./customers-page.html'[37m,
         ╵                [32m~~~~~~~~~~~~~~~~~~~~~~~[0m


[31mX [41;31m[[41;97mERROR[41;31m][0m [1mTS2339: Property 'deleteReview' does not exist on type 'CustomersPage'.[0m [1m[35m[plugin angular-compiler][0m

    src/app/features/customers/pages/customers-page/customers-page.html:74:50:
[37m      74 │ ...ass="delete-btn" (click)="[32mdeleteReview[37m(review.id)">Delete Revie...
         ╵                              [32m~~~~~~~~~~~~[0m

  Error occurs in the template of component CustomersPage.

    src/app/features/customers/pages/customers-page/customers-page.ts:10:15:
[37m      10 │   templateUrl: [32m'./customers-page.html'[37m,
         ╵                [32m~~~~~~~~~~~~~~~~~~~~~~~[0m


[31mX [41;31m[[41;97mERROR[41;31m][0m [1mTS2339: Property 'review' does not exist on type 'CustomersPage'.[0m [1m[35m[plugin angular-compiler][0m

    src/app/features/customers/pages/customers-page/customers-page.html:74:63:
[37m      74 │ ...lete-btn" (click)="deleteReview([32mreview[37m.id)">Delete Review</button>
         ╵                                    [32m~~~~~~[0m

  Error occurs in the template of component CustomersPage.

    src/app/features/customers/pages/customers-page/customers-page.ts:10:15:
[37m      10 │   templateUrl: [32m'./customers-page.html'[37m,
         ╵                [32m~~~~~~~~~~~~~~~~~~~~~~~[0m

[39m[22m
